2025-04-07 10:17:00 | WARN | repo=course-sys-int-systems | action=commit
2025-03-08 16:59:00 | WARN | repo=course-sys-int-systems | action=commit
2025-07-11 07:56:00 | DEBUG | repo=course-sys-int-systems | action=commit
2025-12-10 14:08:00 | WARN | repo=course-sys-int-systems | action=commit
2025-04-16 08:41:00 | DEBUG | repo=course-sys-int-systems | action=commit
2025-02-07 17:48:00 | WARN | repo=course-sys-int-systems | action=test | passed=true
2025-04-08 13:44:00 | WARN | repo=course-sys-int-systems | action=commit
2025-09-15 19:32:00 | DEBUG | repo=course-sys-int-systems | action=pull
2025-12-06 08:26:00 | INFO | repo=course-sys-int-systems | action=commit
2025-08-21 16:02:00 | INFO | repo=course-sys-int-systems | action=test | passed=true
2025-06-19 07:45:00 | DEBUG | repo=course-sys-int-systems | action=test | passed=true
2025-08-21 12:52:00 | INFO | repo=course-sys-int-systems | action=commit
2025-12-05 07:34:00 | DEBUG | repo=course-sys-int-systems | action=edit | files=5
2025-03-14 19:26:00 | DEBUG | repo=course-sys-int-systems | action=edit | files=3
2025-06-10 14:01:00 | WARN | repo=course-sys-int-systems | action=commit
2025-10-01 19:19:00 | WARN | repo=course-sys-int-systems | action=pull
2025-08-10 21:35:00 | WARN | repo=course-sys-int-systems | action=edit | files=5
2025-12-06 17:06:00 | DEBUG | repo=course-sys-int-systems | action=commit
2025-05-07 08:41:00 | DEBUG | repo=course-sys-int-systems | action=pull
2025-04-01 21:29:00 | DEBUG | repo=course-sys-int-systems | action=commit
2025-04-10 07:12:00 | INFO | repo=course-sys-int-systems | action=commit
2025-02-27 17:58:00 | DEBUG | repo=course-sys-int-systems | action=pull
2025-02-13 13:26:00 | DEBUG | repo=course-sys-int-systems | action=test | passed=true
2025-12-18 15:12:00 | WARN | repo=course-sys-int-systems | action=test | passed=true
2025-06-03 07:37:00 | INFO | repo=course-sys-int-systems | action=commit
2025-10-16 16:58:00 | DEBUG | repo=course-sys-int-systems | action=pull
2025-01-03 07:17:00 | WARN | repo=course-sys-int-systems | action=commit
2025-11-11 16:40:00 | WARN | repo=course-sys-int-systems | action=commit
2025-09-08 09:59:00 | INFO | repo=course-sys-int-systems | action=commit
2025-01-16 19:17:00 | INFO | repo=course-sys-int-systems | action=test | passed=true
2025-08-13 10:56:00 | WARN | repo=course-sys-int-systems | action=edit | files=2
2025-11-15 18:46:00 | WARN | repo=course-sys-int-systems | action=test | passed=true
2025-01-15 07:50:00 | INFO | repo=course-sys-int-systems | action=commit
2025-07-28 14:45:00 | WARN | repo=course-sys-int-systems | action=pull
2025-10-25 19:54:00 | DEBUG | repo=course-sys-int-systems | action=commit
2025-11-15 21:33:00 | INFO | repo=course-sys-int-systems | action=edit | files=4
2025-06-22 12:47:00 | INFO | repo=course-sys-int-systems | action=commit
2025-12-23 14:57:00 | WARN | repo=course-sys-int-systems | action=commit
2025-01-27 07:36:00 | INFO | repo=course-sys-int-systems | action=edit | files=1
2025-07-20 20:52:00 | WARN | repo=course-sys-int-systems | action=test | passed=true
2025-05-19 20:56:00 | DEBUG | repo=course-sys-int-systems | action=edit | files=4
2025-08-27 12:13:00 | WARN | repo=course-sys-int-systems | action=test | passed=true
2025-12-26 15:14:00 | INFO | repo=course-sys-int-systems | action=commit
2025-10-21 11:56:00 | WARN | repo=course-sys-int-systems | action=commit
2025-07-19 21:44:00 | DEBUG | repo=course-sys-int-systems | action=pull
2025-05-01 17:08:00 | WARN | repo=course-sys-int-systems | action=commit
2025-09-08 11:02:00 | WARN | repo=course-sys-int-systems | action=edit | files=5
2025-04-26 15:06:00 | WARN | repo=course-sys-int-systems | action=commit
2025-08-26 15:50:00 | DEBUG | repo=course-sys-int-systems | action=edit | files=4
2025-02-17 17:44:00 | WARN | repo=course-sys-int-systems | action=commit
2025-09-07 07:10:00 | DEBUG | repo=course-sys-int-systems | action=commit
2025-03-19 07:38:00 | WARN | repo=course-sys-int-systems | action=commit
2025-04-01 08:49:00 | INFO | repo=course-sys-int-systems | action=pull
2025-06-28 08:17:00 | DEBUG | repo=course-sys-int-systems | action=commit
2025-08-09 08:32:00 | WARN | repo=course-sys-int-systems | action=commit
2025-01-22 21:25:00 | INFO | repo=course-sys-int-systems | action=commit
2025-08-26 21:13:00 | INFO | repo=course-sys-int-systems | action=pull
2025-10-05 07:56:00 | DEBUG | repo=course-sys-int-systems | action=edit | files=5
2025-04-08 15:13:00 | INFO | repo=course-sys-int-systems | action=commit
2025-12-26 17:58:00 | WARN | repo=course-sys-int-systems | action=commit
2025-06-14 13:03:00 | WARN | repo=course-sys-int-systems | action=edit | files=4
2025-07-25 12:40:00 | DEBUG | repo=course-sys-int-systems | action=pull
2025-01-07 18:32:00 | DEBUG | repo=course-sys-int-systems | action=commit
2025-10-25 17:59:00 | WARN | repo=course-sys-int-systems | action=commit
2025-05-20 16:48:00 | INFO | repo=course-sys-int-systems | action=commit
2025-01-24 17:57:00 | INFO | repo=course-sys-int-systems | action=commit
2025-01-12 10:48:00 | INFO | repo=course-sys-int-systems | action=commit
2025-11-16 20:44:00 | WARN | repo=course-sys-int-systems | action=commit
2025-12-02 15:13:00 | INFO | repo=course-sys-int-systems | action=pull
2025-02-20 08:19:00 | DEBUG | repo=course-sys-int-systems | action=commit
2025-04-27 19:38:00 | DEBUG | repo=course-sys-int-systems | action=edit | files=2
2025-04-11 14:52:00 | WARN | repo=course-sys-int-systems | action=pull
2025-03-23 19:33:00 | INFO | repo=course-sys-int-systems | action=test | passed=true
2025-12-08 11:03:00 | INFO | repo=course-sys-int-systems | action=test | passed=true
2025-11-07 09:45:00 | WARN | repo=course-sys-int-systems | action=test | passed=true
2025-07-22 09:44:00 | WARN | repo=course-sys-int-systems | action=commit
2025-04-13 13:52:00 | INFO | repo=course-sys-int-systems | action=commit
2025-11-10 21:24:00 | DEBUG | repo=course-sys-int-systems | action=pull
2025-11-05 12:40:00 | WARN | repo=course-sys-int-systems | action=edit | files=5
2025-02-26 10:42:00 | DEBUG | repo=course-sys-int-systems | action=edit | files=3
2025-09-25 13:07:00 | INFO | repo=course-sys-int-systems | action=edit | files=1
2025-08-05 07:00:00 | WARN | repo=course-sys-int-systems | action=commit
2025-11-27 17:51:00 | INFO | repo=course-sys-int-systems | action=pull
2025-02-23 08:41:00 | INFO | repo=course-sys-int-systems | action=commit
2025-05-23 20:14:00 | INFO | repo=course-sys-int-systems | action=test | passed=true
2025-12-27 20:08:00 | WARN | repo=course-sys-int-systems | action=commit
